<?xml version="1.0" encoding="UTF-8"?>
<testsuite xmlns:xsi="http://www.w3.org/2001/XMLSchema-instance" xsi:noNamespaceSchemaLocation="https://maven.apache.org/surefire/maven-surefire-plugin/xsd/surefire-test-report-3.0.xsd" version="3.0" name="com.example.cardsservice.cucumber.CucumberIntegrationTest" time="0.819" tests="1" errors="0" skipped="0" failures="1">
  <properties>
[...]
</properties>
  <testcase name="Retrieve cards for a customer" classname="Public Cards Service API" time="0.788">
    <failure message="Status expected:&lt;200&gt; but was:&lt;500&gt;" type="java.lang.AssertionError"><![CDATA[java.lang.AssertionError: Status expected:<200> but was:<500>
	at org.springframework.test.util.AssertionErrors.fail(AssertionErrors.java:59)
	at org.springframework.test.util.AssertionErrors.assertEquals(AssertionErrors.java:122)
	at org.springframework.test.web.servlet.result.StatusResultMatchers.lambda$matcher$9(StatusResultMatchers.java:637)
	at org.springframework.test.web.servlet.MockMvc$1.andExpect(MockMvc.java:214)
	at com.example.cardsservice.cucumber.steps.CardsServiceSteps.i_should_receive_a_successful_response(CardsServiceSteps.java:44)
	at ✽.I should receive a successful response(classpath:features/cards_service.feature:6)
]]></failure>
    <system-out><![CDATA[
  .   ____          _            __ _ _
 /\\ / ___'_ __ _ _(_)_ __  __ _ \ \ \ \
( ( )\___ | '_ | '_| | '_ \/ _` | \ \ \ \
 \\/  ___)| |_)| | | | | || (_| |  ) ) ) )
  '  |____| .__|_| |_|_| |_\__, | / / / /
 =========|_|==============|___/=/_/_/_/
 :: Spring Boot ::                (v3.1.5)

2025-12-02T14:37:31.791+05:30  INFO 87312 --- [           main] c.e.c.c.s.CucumberSpringConfiguration    : Starting CucumberSpringConfiguration using Java 17.0.17 with PID 87312 (started by Mudassar.Hakim in /Users/Mudassar.Hakim/.gemini/antigravity/scratch/common-debit-card/cards-service)
2025-12-02T14:37:31.791+05:30  INFO 87312 --- [           main] c.e.c.c.s.CucumberSpringConfiguration    : No active profile set, falling back to 1 default profile: "default"
2025-12-02T14:37:32.041+05:30  INFO 87312 --- [           main] .s.d.r.c.RepositoryConfigurationDelegate : Multiple Spring Data modules found, entering strict repository configuration mode
2025-12-02T14:37:32.042+05:30  INFO 87312 --- [           main] .s.d.r.c.RepositoryConfigurationDelegate : Bootstrapping Spring Data Redis repositories in DEFAULT mode.
2025-12-02T14:37:32.050+05:30  INFO 87312 --- [           main] .s.d.r.c.RepositoryConfigurationDelegate : Finished Spring Data repository scanning in 4 ms. Found 0 Redis repository interfaces.
2025-12-02T14:37:32.124+05:30  INFO 87312 --- [           main] o.s.cloud.context.scope.GenericScope     : BeanFactory id=013acb65-63ac-3a0c-a06a-a66c15383d5b
2025-12-02T14:37:32.451+05:30  INFO 87312 --- [           main] o.s.b.t.m.w.SpringBootMockServletContext : Initializing Spring TestDispatcherServlet ''
2025-12-02T14:37:32.451+05:30  INFO 87312 --- [           main] o.s.t.web.servlet.TestDispatcherServlet  : Initializing Servlet ''
2025-12-02T14:37:32.454+05:30  INFO 87312 --- [           main] o.s.b.a.e.web.EndpointLinksResolver      : Exposing 1 endpoint(s) beneath base path '/actuator'
2025-12-02T14:37:32.457+05:30  INFO 87312 --- [           main] o.s.t.web.servlet.TestDispatcherServlet  : Completed initialization in 6 ms
2025-12-02T14:37:32.489+05:30  INFO 87312 --- [           main] c.e.c.c.s.CucumberSpringConfiguration    : Started CucumberSpringConfiguration in 0.724 seconds (process running for 2.233)
]]></system-out>
  </testcase>
</testsuite>